<?xml version="1.0" encoding="UTF-8"?>
<!-- Generated by org.testng.reporters.JUnitReportReporter -->
<testsuite hostname="5CD3441DMK" failures="0" tests="3" name="javaseleniumlearning.tests.SubmitOrderTest" time="32.170" errors="0" timestamp="2025-06-13T22:37:34 IST" skipped="0">
  <testcase classname="javaseleniumlearning.tests.SubmitOrderTest" name="OrderHistoryTest" time="5.108"/>
  <testcase classname="javaseleniumlearning.tests.SubmitOrderTest" name="submitOrder" time="13.487"/>
  <testcase classname="javaseleniumlearning.tests.SubmitOrderTest" name="submitOrder" time="13.575"/>
</testsuite> <!-- javaseleniumlearning.tests.SubmitOrderTest -->
