<?xml version="1.0" encoding="UTF-8"?>
<!-- Generated by org.testng.reporters.JUnitReportReporter -->
<testsuite hostname="5CD3441DMK" failures="0" tests="1" name="cucumber.TestNGTestRunner" time="18.210" errors="0" timestamp="2025-08-11T13:45:28 IST" skipped="0">
  <testcase classname="cucumber.TestNGTestRunner" name="runScenario" time="18.210"/>
</testsuite> <!-- cucumber.TestNGTestRunner -->
