<?xml version="1.0" encoding="UTF-8"?>
<!-- Generated by org.testng.reporters.JUnitReportReporter -->
<testsuite hostname="5CD3441DMK" failures="0" tests="1" name="javaseleniumlearning.tests.ErrorValidationsTest" time="5.807" errors="0" timestamp="2025-06-09T19:26:51 IST" skipped="0">
  <testcase classname="javaseleniumlearning.tests.ErrorValidationsTest" name="submitOrder" time="5.807"/>
</testsuite> <!-- javaseleniumlearning.tests.ErrorValidationsTest -->
