<?xml version="1.0" encoding="UTF-8"?>
<!-- Generated by org.testng.reporters.JUnitReportReporter -->
<testsuite hostname="5CD3441DMK" failures="0" tests="1" name="javaseleniumlearning.tests.SubmitOrderTest" time="13.240" errors="0" timestamp="2025-06-06T00:05:16 IST" skipped="0">
  <testcase classname="javaseleniumlearning.tests.SubmitOrderTest" name="submitOrder" time="13.240"/>
</testsuite> <!-- javaseleniumlearning.tests.SubmitOrderTest -->
