<?xml version="1.0" encoding="UTF-8"?>
<!-- Generated by org.testng.reporters.JUnitReportReporter -->
<testsuite hostname="DESKTOP-RGBVQCA" failures="0" tests="2" name="javaseleniumlearning.tests.ErrorValidationsTest" time="12.300" errors="0" timestamp="2025-06-06T20:00:32 IST" skipped="0">
  <testcase classname="javaseleniumlearning.tests.ErrorValidationsTest" name="submitOrder" time="2.204"/>
  <testcase classname="javaseleniumlearning.tests.ErrorValidationsTest" name="ProductErrorValidation" time="10.096"/>
</testsuite> <!-- javaseleniumlearning.tests.ErrorValidationsTest -->
