<?xml version="1.0" encoding="UTF-8"?>
<!-- Generated by org.testng.reporters.JUnitReportReporter -->
<testsuite hostname="5CD3441DMK" failures="0" tests="3" name="javaseleniumlearning.tests.SubmitOrderTest" time="23.208" errors="0" timestamp="2025-06-16T14:42:14 IST" skipped="0">
  <testcase classname="javaseleniumlearning.tests.SubmitOrderTest" name="submitOrder" time="7.662"/>
  <testcase classname="javaseleniumlearning.tests.SubmitOrderTest" name="submitOrder" time="8.344"/>
  <testcase classname="javaseleniumlearning.tests.SubmitOrderTest" name="OrderHistoryTest" time="7.202"/>
</testsuite> <!-- javaseleniumlearning.tests.SubmitOrderTest -->
