<?xml version="1.0" encoding="UTF-8"?>
<!-- Generated by org.testng.reporters.JUnitReportReporter -->
<testsuite hostname="DESKTOP-RGBVQCA" failures="0" tests="1" name="javaseleniumlearning.tests.SubmitOrderTest" time="11.342" errors="0" timestamp="2025-06-04T21:40:17 IST" skipped="0">
  <testcase classname="javaseleniumlearning.tests.SubmitOrderTest" name="submitOrder" time="11.342"/>
</testsuite> <!-- javaseleniumlearning.tests.SubmitOrderTest -->
