<?xml version="1.0" encoding="UTF-8"?>
<!-- Generated by org.testng.reporters.JUnitReportReporter -->
<testsuite hostname="5CD3441DMK" failures="0" tests="1" name="javaseleniumlearning.tests.ErrorValidations" time="3.967" errors="0" timestamp="2025-06-05T23:04:06 IST" skipped="0">
  <testcase classname="javaseleniumlearning.tests.ErrorValidations" name="submitOrder" time="3.967"/>
</testsuite> <!-- javaseleniumlearning.tests.ErrorValidations -->
