<?xml version="1.0" encoding="UTF-8"?>
<!-- Generated by org.testng.reporters.JUnitReportReporter -->
<testsuite hostname="5CD3441DMK" failures="0" tests="3" name="javaseleniumlearning.tests.SubmitOrderTest" time="29.030" errors="0" timestamp="2025-06-10T17:53:06 IST" skipped="0">
  <testcase classname="javaseleniumlearning.tests.SubmitOrderTest" name="submitOrder" time="13.367"/>
  <testcase classname="javaseleniumlearning.tests.SubmitOrderTest" name="submitOrder" time="12.136"/>
  <testcase classname="javaseleniumlearning.tests.SubmitOrderTest" name="OrderHistoryTest" time="3.527"/>
</testsuite> <!-- javaseleniumlearning.tests.SubmitOrderTest -->
