<?xml version="1.0" encoding="UTF-8"?>
<!-- Generated by org.testng.reporters.JUnitReportReporter -->
<testsuite hostname="DESKTOP-RGBVQCA" failures="0" tests="2" name="javaseleniumlearning.tests.SubmitOrderTest" time="14.461" errors="0" timestamp="2025-06-06T20:00:32 IST" skipped="0">
  <testcase classname="javaseleniumlearning.tests.SubmitOrderTest" name="OrderHistoryTest" time="3.409"/>
  <testcase classname="javaseleniumlearning.tests.SubmitOrderTest" name="submitOrder" time="11.052"/>
</testsuite> <!-- javaseleniumlearning.tests.SubmitOrderTest -->
